<?xml version="1.0" encoding="UTF-8"?>
<!-- Generated by org.testng.reporters.JUnitReportReporter -->
<testsuite hostname="DESKTOP-2O8OOI9" name="selenium.com.qa.ohrm.SampleTest" tests="2" failures="0" timestamp="26 Jul 2020 10:53:09 GMT" time="0.019" errors="0">
  <testcase name="add" time="0.017" classname="selenium.com.qa.ohrm.SampleTest"/>
  <testcase name="test" time="0.002" classname="selenium.com.qa.ohrm.SampleTest"/>
</testsuite> <!-- selenium.com.qa.ohrm.SampleTest -->
