<?xml version="1.0" encoding="UTF-8"?>
<!-- Generated by org.testng.reporters.JUnitReportReporter -->
<testsuite hostname="DESKTOP-2O8OOI9" name="selenium.com.qa.ohrm.tests.SampleTest" tests="2" failures="0" timestamp="26 Jul 2020 11:22:36 GMT" time="0.012" errors="0">
  <testcase name="test" time="0.002" classname="selenium.com.qa.ohrm.tests.SampleTest"/>
  <testcase name="add" time="0.010" classname="selenium.com.qa.ohrm.tests.SampleTest"/>
</testsuite> <!-- selenium.com.qa.ohrm.tests.SampleTest -->
