<?xml version="1.0" encoding="UTF-8"?>
<!-- Generated by org.testng.reporters.JUnitReportReporter -->
<testsuite hostname="DESKTOP-2O8OOI9" name="selenium.com.qa.ohrm.tests.HomeTest" tests="3" failures="0" timestamp="4 Aug 2020 00:21:59 GMT" time="49.102" errors="0">
  <testcase name="addUserTest" time="19.932" classname="selenium.com.qa.ohrm.tests.HomeTest"/>
  <testcase name="navigateToAddUsersSection" time="11.916" classname="selenium.com.qa.ohrm.tests.HomeTest"/>
  <testcase name="searchAndDeleteUser" time="17.254" classname="selenium.com.qa.ohrm.tests.HomeTest"/>
</testsuite> <!-- selenium.com.qa.ohrm.tests.HomeTest -->
