<?xml version="1.0" encoding="UTF-8"?>
<!-- Generated by org.testng.reporters.JUnitReportReporter -->
<testsuite hostname="DESKTOP-2O8OOI9" name="selenium.com.qa.ohrm.tests.LoginTest" tests="1" failures="0" timestamp="4 Aug 2020 00:21:59 GMT" time="8.181" errors="0">
  <testcase name="loginOhrm" time="8.181" classname="selenium.com.qa.ohrm.tests.LoginTest"/>
</testsuite> <!-- selenium.com.qa.ohrm.tests.LoginTest -->
